<?xml version="1.0" encoding="UTF-8"?>
<testng-results ignored="0" total="1" passed="1" failed="0" skipped="0">
  <reporter-output>
  </reporter-output>
  <suite started-at="2025-04-25T12:35:17 IST" name="Suite" finished-at="2025-04-25T12:35:17 IST" duration-ms="81">
    <groups>
    </groups>
    <test started-at="2025-04-25T12:35:17 IST" name="Test" finished-at="2025-04-25T12:35:17 IST" duration-ms="81">
      <class name="Testng.Test2">
        <test-method is-config="true" signature="L2()[pri:0, instance:Testng.Test2@55fe41ea]" started-at="2025-04-25T12:35:17 IST" name="L2" finished-at="2025-04-25T12:35:17 IST" duration-ms="9" status="PASS">
          <reporter-output>
          </reporter-output>
        </test-method> <!-- L2 -->
        <test-method signature="L1()[pri:0, instance:Testng.Test2@55fe41ea]" started-at="2025-04-25T12:35:17 IST" name="L1" finished-at="2025-04-25T12:35:17 IST" duration-ms="7" status="PASS">
          <reporter-output>
          </reporter-output>
        </test-method> <!-- L1 -->
        <test-method is-config="true" signature="L3()[pri:0, instance:Testng.Test2@55fe41ea]" started-at="2025-04-25T12:35:17 IST" name="L3" finished-at="2025-04-25T12:35:17 IST" duration-ms="2" status="PASS">
          <reporter-output>
          </reporter-output>
        </test-method> <!-- L3 -->
      </class> <!-- Testng.Test2 -->
    </test> <!-- Test -->
  </suite> <!-- Suite -->
</testng-results>
